[05:21:49] Backend server running at http://localhost:3001
[05:21:49] 查看日志: http://localhost:3001/api/logs
[05:21:51] → GET /api/logs
[05:21:51] ← GET /api/logs [200] 2ms
[05:22:43] → GET /api/data/status
[05:22:43] ← GET /api/data/status [200] 2ms
[05:23:36] → GET /api/logs
[05:23:36] ← GET /api/logs [200] 1ms
[05:23:43] → GET /api/data/status
[05:23:43] ← GET /api/data/status [304] 1ms
[05:23:43] → GET /api/data/status
[05:23:43] ← GET /api/data/status [304] 1ms
[05:23:44] → GET /api/data/status
[05:23:44] ← GET /api/data/status [304] 1ms
[05:23:45] → GET /api/data/status
[05:23:45] ← GET /api/data/status [304] 1ms
[05:23:46] → POST /api/upload
[05:23:46] [upload] 收到文件: sample-2d.txt
[05:23:46] [upload] 文件大小: 0.31 KB
[05:23:46] [parse] 进度: 0%
[05:23:46] [upload] 开始解析...
[05:23:46] [upload] 解析完成:
[05:23:46] [parse] 进度: 100%
[05:23:46] [upload] 文件前200字符: 2D\n0,0,1,2,4,1.5,4,0,2,2,-2,0.5,0,0,1\n1,5,0.5,3,9,1,5,9,2,7,5,1.5,1,5,0.5\n-3,3,1,-1,6,2,1,6,0.5,3,3,0.8,-3,3,1\n-2,-2,0,-4,-4,0.5,-1,-6,1,0,-4,1.2,-2,-2,0\n5,-1,1.5,8,1,2,7,3,1,6,-1,0.8,5,-1,1.5\n-5,0,0.
[05:23:46]   版本号: 1
[05:23:46]   模式: 2D 多边形
[05:23:46]   多边形数: 8
[05:23:46]   总顶点数: 40
[05:23:46]   第一个多边形顶点数: 5 前3个顶点: [[0,0,1],[2,4,1.5],[4,0,2]]
[05:23:46] ← POST /api/upload [200] 5ms
[05:23:46] → GET /api/data
[05:23:46] [data] 返回数据 version=1 大小=0.42KB
[05:23:46] ← GET /api/data [200] 1ms
[05:23:48] → GET /api/data/status
[05:23:48] ← GET /api/data/status [200] 0ms
[05:23:49] → GET /api/data/status
[05:23:49] ← GET /api/data/status [304] 1ms
[05:23:49] → GET /api/logs
[05:23:49] ← GET /api/logs [200] 1ms
[05:23:50] → GET /api/data/status
[05:23:50] ← GET /api/data/status [304] 1ms
[05:23:50] → GET /api/logs
[05:23:50] ← GET /api/logs [200] 1ms
[05:23:51] → GET /api/logs
[05:23:51] ← GET /api/logs [200] 1ms
[05:23:51] → GET /api/data/status
[05:23:51] ← GET /api/data/status [304] 0ms
[05:23:51] → GET /api/logs
[05:23:51] ← GET /api/logs [200] 0ms
[05:23:51] → GET /api/logs
[05:23:51] ← GET /api/logs [200] 1ms
[05:23:52] → GET /api/logs
[05:23:52] ← GET /api/logs [200] 1ms
[05:23:52] → GET /api/data/status
[05:23:52] ← GET /api/data/status [304] 1ms
[05:23:52] → GET /api/logs
[05:23:52] ← GET /api/logs [200] 0ms
[05:23:52] → GET /api/logs
[05:23:52] ← GET /api/logs [200] 1ms
[05:23:52] → GET /api/logs
[05:23:52] ← GET /api/logs [200] 1ms
[05:23:52] → GET /api/logs
[05:23:52] ← GET /api/logs [200] 0ms
[05:23:53] → GET /api/logs
[05:23:53] ← GET /api/logs [200] 0ms
[05:23:53] → GET /api/data/status
[05:23:53] ← GET /api/data/status [304] 1ms
[05:23:54] → GET /api/data/status
[05:23:54] ← GET /api/data/status [304] 1ms
[05:23:55] → GET /api/data/status
[05:23:55] ← GET /api/data/status [304] 1ms
[05:23:56] → GET /api/data/status
[05:23:56] ← GET /api/data/status [304] 0ms
[05:23:57] → GET /api/data/status
[05:23:57] ← GET /api/data/status [304] 0ms
[05:23:58] → GET /api/data/status
[05:23:58] ← GET /api/data/status [304] 0ms
[05:23:59] → GET /api/data/status
[05:23:59] ← GET /api/data/status [304] 1ms
[05:24:00] → GET /api/data/status
[05:24:00] ← GET /api/data/status [304] 0ms
[05:24:01] → GET /api/data/status
[05:24:01] ← GET /api/data/status [304] 1ms
[05:24:02] → GET /api/data/status
[05:24:02] ← GET /api/data/status [304] 1ms
[05:24:02] → GET /api/data/status
[05:24:02] ← GET /api/data/status [304] 0ms
[05:24:03] → GET /api/data/status
[05:24:03] ← GET /api/data/status [304] 1ms
[05:24:04] → GET /api/data/status
[05:24:04] ← GET /api/data/status [304] 1ms
[05:24:05] → POST /api/upload
[05:24:05] [upload] 收到文件: sample-3d.txt
[05:24:05] [upload] 文件前200字符: 3D\n0.5 1.2 0.3\n1.0 2.1 0.8\n1.5 0.9 1.2\n2.0 1.8 0.5\n2.5 2.5 1.5\n0.8 0.5 0.2\n3.0 1.0 1.8\n3.5 2.2 0.9\n4.0 0.8 2.1\n1.2 3.0 0.6\n4.5 1.5 2.5\n2.8 2.8 1.1\n5.0 2.0 3.0\n3.2 0.6 1.4\n5.5 2.5 2.8\n1.8 3.5 0.7\n6.0 1
[05:24:05] [parse] 进度: 0%
[05:24:05] [parse] 进度: 100%
[05:24:05] [upload] 开始解析...
[05:24:05] [upload] 文件大小: 0.60 KB
[05:24:05]   版本号: 2
[05:24:05]   模式: 3D 散点
[05:24:05] [upload] 解析完成:
[05:24:05]   前5个点: [[0.5,1.2,0.3],[1,2.1,0.8],[1.5,0.9,1.2],[2,1.8,0.5],[2.5,2.5,1.5]]
[05:24:05] ← POST /api/upload [200] 3ms
[05:24:05]   点数: 50
[05:24:05] → GET /api/data
[05:24:05] [data] 返回数据 version=2 大小=0.63KB
[05:24:05] ← GET /api/data [200] 0ms
[05:24:06] → GET /api/data/status
[05:24:06] ← GET /api/data/status [200] 1ms
[05:24:08] → GET /api/data/status
[05:24:08] ← GET /api/data/status [304] 0ms
[05:24:08] → GET /api/logs
[05:24:08] ← GET /api/logs [200] 1ms
[05:24:10] → GET /api/data/status
[05:24:10] ← GET /api/data/status [304] 0ms
[05:24:12] → GET /api/data/status
[05:24:12] ← GET /api/data/status [304] 1ms
[05:24:13] → GET /api/data/status
[05:24:13] ← GET /api/data/status [304] 0ms
[05:24:14] → GET /api/data/status
[05:24:14] ← GET /api/data/status [304] 1ms
[05:24:15] → GET /api/data/status
[05:24:15] ← GET /api/data/status [304] 1ms
[05:24:16] → GET /api/data/status
[05:24:16] ← GET /api/data/status [304] 0ms
[05:24:17] → GET /api/data/status
[05:24:17] ← GET /api/data/status [304] 0ms
[05:24:18] → GET /api/data/status
[05:24:18] ← GET /api/data/status [304] 0ms
[05:24:19] → GET /api/data/status
[05:24:19] ← GET /api/data/status [304] 1ms
[05:24:20] ← GET /api/data/status [304] 1ms
[05:24:20] → GET /api/data/status
[05:24:21] → GET /api/data/status
[05:24:21] ← GET /api/data/status [304] 0ms
[05:24:22] → GET /api/data/status
[05:24:22] ← GET /api/data/status [304] 1ms
[05:24:23] → GET /api/data/status
[05:24:23] ← GET /api/data/status [304] 0ms
[05:24:24] → GET /api/data/status
[05:24:24] ← GET /api/data/status [304] 1ms
[05:24:25] → GET /api/data/status
[05:24:25] ← GET /api/data/status [304] 0ms
[05:24:26] → GET /api/data/status
[05:24:26] ← GET /api/data/status [304] 0ms
[05:24:27] → GET /api/data/status
[05:24:27] ← GET /api/data/status [304] 0ms
[05:24:28] → GET /api/data/status
[05:24:28] ← GET /api/data/status [304] 1ms
[05:24:29] → GET /api/data/status
[05:24:29] ← GET /api/data/status [304] 1ms
[05:24:30] → GET /api/data/status
[05:24:30] ← GET /api/data/status [304] 1ms
[05:24:31] → GET /api/data/status
[05:24:31] ← GET /api/data/status [304] 1ms
[05:24:32] → GET /api/data/status
[05:24:32] ← GET /api/data/status [304] 1ms
[05:24:33] → GET /api/data/status
[05:24:33] ← GET /api/data/status [304] 0ms
[05:24:34] → GET /api/data/status
[05:24:34] ← GET /api/data/status [304] 0ms
[05:24:35] → GET /api/data/status
[05:24:35] ← GET /api/data/status [304] 0ms
[05:24:36] → GET /api/data/status
[05:24:36] ← GET /api/data/status [304] 1ms
[05:24:37] → GET /api/data/status
[05:24:37] ← GET /api/data/status [304] 0ms
[05:24:38] → GET /api/data/status
[05:24:38] ← GET /api/data/status [304] 0ms
[05:24:39] → GET /api/data/status
[05:24:39] ← GET /api/data/status [304] 0ms
[05:24:40] → GET /api/data/status
[05:24:40] ← GET /api/data/status [304] 0ms
[05:24:41] → GET /api/data/status
[05:24:41] ← GET /api/data/status [304] 1ms
[05:24:42] → GET /api/data/status
[05:24:42] ← GET /api/data/status [304] 0ms
[05:24:43] → GET /api/data/status
[05:24:43] ← GET /api/data/status [304] 1ms
[05:24:44] ← GET /api/data/status [304] 1ms
[05:24:44] → GET /api/data/status
[05:24:45] → GET /api/data/status
[05:24:45] ← GET /api/data/status [304] 183ms
[05:24:46] → GET /api/data/status
[05:24:46] ← GET /api/data/status [304] 1ms
[05:24:47] → GET /api/data/status
[05:24:47] ← GET /api/data/status [304] 0ms
[05:24:48] → GET /api/data/status
[05:24:48] ← GET /api/data/status [304] 0ms
[05:24:49] → GET /api/data/status
[05:24:49] ← GET /api/data/status [304] 0ms
[05:24:50] → GET /api/data/status
[05:24:50] ← GET /api/data/status [304] 0ms
[05:24:51] → GET /api/data/status
[05:24:51] ← GET /api/data/status [304] 1ms
[05:24:52] → GET /api/data/status
[05:24:52] ← GET /api/data/status [304] 0ms
[05:24:53] → GET /api/data/status
[05:24:53] ← GET /api/data/status [304] 1ms
[05:24:54] → GET /api/data/status
[05:24:54] ← GET /api/data/status [304] 0ms
[05:24:55] → GET /api/data/status
[05:24:55] ← GET /api/data/status [304] 1ms
[05:24:56] → GET /api/data/status
[05:24:56] ← GET /api/data/status [304] 1ms
[05:24:57] → GET /api/data/status
[05:24:57] ← GET /api/data/status [304] 0ms
[05:24:58] → GET /api/data/status
[05:24:58] ← GET /api/data/status [304] 1ms
[05:24:59] → GET /api/data/status
[05:24:59] ← GET /api/data/status [304] 0ms
[05:25:00] → GET /api/data/status
[05:25:00] ← GET /api/data/status [304] 0ms
[05:25:01] → GET /api/data/status
[05:25:01] ← GET /api/data/status [304] 0ms
[05:25:02] → GET /api/data/status
[05:25:02] ← GET /api/data/status [304] 1ms
[05:25:03] → GET /api/data/status
[05:25:03] ← GET /api/data/status [304] 1ms
[05:25:04] → GET /api/data/status
[05:25:04] ← GET /api/data/status [304] 1ms
[05:25:05] → GET /api/data/status
[05:25:05] ← GET /api/data/status [304] 1ms
[05:25:06] → GET /api/data/status
[05:25:06] ← GET /api/data/status [304] 1ms
[05:25:07] → GET /api/data/status
[05:25:07] ← GET /api/data/status [304] 0ms
[05:25:08] → GET /api/data/status
[05:25:08] ← GET /api/data/status [304] 1ms
[05:25:09] → GET /api/data/status
[05:25:09] ← GET /api/data/status [304] 0ms
[05:25:10] → GET /api/data/status
[05:25:10] ← GET /api/data/status [304] 1ms
[05:25:11] → GET /api/data/status
[05:25:11] ← GET /api/data/status [304] 0ms
[05:25:12] → GET /api/data/status
[05:25:12] ← GET /api/data/status [304] 0ms
[05:25:13] → GET /api/data/status
[05:25:13] ← GET /api/data/status [304] 1ms
[05:25:14] → GET /api/data/status
[05:25:14] ← GET /api/data/status [304] 1ms
[05:25:15] → GET /api/data/status
[05:25:15] ← GET /api/data/status [304] 1ms
[05:25:16] → GET /api/data/status
[05:25:16] ← GET /api/data/status [304] 1ms
[05:25:17] → GET /api/data/status
[05:25:17] ← GET /api/data/status [304] 0ms
[05:25:18] → GET /api/data/status
[05:25:18] ← GET /api/data/status [304] 1ms
[05:25:19] → GET /api/data/status
[05:25:19] ← GET /api/data/status [304] 0ms
[05:25:20] → GET /api/data/status
[05:25:20] ← GET /api/data/status [304] 0ms
[05:25:21] → GET /api/data/status
[05:25:21] ← GET /api/data/status [304] 0ms
[05:25:22] → GET /api/data/status
[05:25:22] ← GET /api/data/status [304] 0ms
[05:25:23] → GET /api/data/status
[05:25:23] ← GET /api/data/status [304] 1ms
[05:25:24] → GET /api/data/status
[05:25:24] ← GET /api/data/status [304] 1ms
[05:25:25] → GET /api/data/status
[05:25:25] ← GET /api/data/status [304] 1ms
[05:25:26] → GET /api/data/status
[05:25:26] ← GET /api/data/status [304] 0ms
[05:25:27] → GET /api/data/status
[05:25:27] ← GET /api/data/status [304] 0ms
[05:25:28] ← GET /api/data/status [304] 0ms
[05:25:28] → GET /api/data/status
[05:25:29] → GET /api/data/status
[05:25:29] ← GET /api/data/status [304] 1ms
[05:25:30] → GET /api/data/status
[05:25:30] ← GET /api/data/status [304] 1ms
[05:25:31] → GET /api/data/status
[05:25:31] ← GET /api/data/status [304] 1ms
[05:25:32] → GET /api/data/status
[05:25:32] ← GET /api/data/status [304] 1ms
[05:25:33] → GET /api/data/status
[05:25:33] ← GET /api/data/status [304] 1ms
[05:25:34] → GET /api/data/status
[05:25:34] ← GET /api/data/status [304] 1ms
[05:25:35] → GET /api/data/status
[05:25:35] ← GET /api/data/status [304] 1ms
[05:25:36] → GET /api/data/status
[05:25:36] ← GET /api/data/status [304] 0ms
[05:25:37] → GET /api/data/status
[05:25:37] ← GET /api/data/status [304] 0ms
[05:25:38] → GET /api/data/status
[05:25:38] ← GET /api/data/status [304] 1ms
[05:25:39] → GET /api/data/status
[05:25:39] ← GET /api/data/status [304] 0ms
[05:25:40] → GET /api/data/status
[05:25:40] ← GET /api/data/status [304] 0ms
[05:25:41] → GET /api/data/status
[05:25:41] ← GET /api/data/status [304] 0ms
[05:25:42] → GET /api/data/status
[05:25:42] ← GET /api/data/status [304] 0ms
[05:25:43] → GET /api/data/status
[05:25:43] ← GET /api/data/status [304] 0ms
[05:25:44] → GET /api/data/status
[05:25:44] ← GET /api/data/status [304] 0ms
[05:25:45] → GET /api/data/status
[05:25:45] ← GET /api/data/status [304] 11ms
[05:25:46] → GET /api/data/status
[05:25:46] ← GET /api/data/status [304] 0ms
[05:25:47] → GET /api/data/status
[05:25:47] ← GET /api/data/status [304] 1ms
[05:25:48] → GET /api/data/status
[05:25:48] ← GET /api/data/status [304] 1ms
[05:25:49] → GET /api/data/status
[05:25:49] ← GET /api/data/status [304] 0ms
[05:25:50] → GET /api/data/status
[05:25:50] ← GET /api/data/status [304] 0ms
[05:25:51] → GET /api/data/status
[05:25:51] ← GET /api/data/status [304] 0ms
[05:25:52] → GET /api/data/status
[05:25:52] ← GET /api/data/status [304] 0ms
[05:25:53] → GET /api/data/status
[05:25:53] ← GET /api/data/status [304] 0ms
[05:25:54] → GET /api/data/status
[05:25:54] ← GET /api/data/status [304] 0ms
[05:25:55] → GET /api/data/status
[05:25:55] ← GET /api/data/status [304] 0ms
[05:25:56] → GET /api/data/status
[05:25:56] ← GET /api/data/status [304] 0ms
[05:25:57] → GET /api/data/status
[05:25:57] ← GET /api/data/status [304] 1ms
[05:25:58] → GET /api/data/status
[05:25:58] ← GET /api/data/status [304] 1ms
[05:25:59] → GET /api/data/status
[05:25:59] ← GET /api/data/status [304] 1ms
[05:26:00] → GET /api/data/status
[05:26:00] ← GET /api/data/status [304] 0ms
[05:26:01] → GET /api/data/status
[05:26:01] ← GET /api/data/status [304] 0ms
[05:26:02] → GET /api/data/status
[05:26:02] ← GET /api/data/status [304] 0ms
[05:26:03] → GET /api/data/status
[05:26:03] ← GET /api/data/status [304] 0ms
[05:26:04] → GET /api/data/status
[05:26:04] ← GET /api/data/status [304] 0ms
[05:26:05] → GET /api/data/status
[05:26:05] ← GET /api/data/status [304] 0ms
[05:26:06] → GET /api/data/status
[05:26:06] ← GET /api/data/status [304] 1ms
[05:26:07] → GET /api/data/status
[05:26:07] ← GET /api/data/status [304] 1ms
[05:26:08] → GET /api/data/status
[05:26:08] ← GET /api/data/status [304] 1ms
[05:26:09] → GET /api/data/status
[05:26:09] ← GET /api/data/status [304] 1ms
[05:26:10] → GET /api/data/status
[05:26:10] ← GET /api/data/status [304] 1ms
[05:26:11] → GET /api/data/status
[05:26:11] ← GET /api/data/status [304] 0ms
[05:26:12] → GET /api/data/status
[05:26:12] ← GET /api/data/status [304] 0ms
[05:26:13] → GET /api/data/status
[05:26:13] ← GET /api/data/status [304] 0ms
[05:26:14] → GET /api/data/status
[05:26:14] ← GET /api/data/status [304] 0ms
[05:26:15] → GET /api/data/status
[05:26:15] ← GET /api/data/status [304] 0ms
[05:26:16] → GET /api/data/status
[05:26:16] ← GET /api/data/status [304] 0ms
[05:26:17] → GET /api/data/status
[05:26:17] ← GET /api/data/status [304] 1ms
[05:26:18] → GET /api/data/status
[05:26:18] ← GET /api/data/status [304] 0ms
[05:26:19] → GET /api/data/status
[05:26:19] ← GET /api/data/status [304] 1ms
[05:26:20] → GET /api/data/status
[05:26:20] ← GET /api/data/status [304] 0ms
[05:26:21] → GET /api/data/status
[05:26:21] ← GET /api/data/status [304] 0ms
[05:26:22] → GET /api/data/status
[05:26:22] ← GET /api/data/status [304] 1ms
[05:26:23] → GET /api/data/status
[05:26:23] ← GET /api/data/status [304] 0ms
[05:26:24] → GET /api/data/status
[05:26:24] ← GET /api/data/status [304] 0ms
[05:26:25] → GET /api/data/status
[05:26:25] ← GET /api/data/status [304] 0ms
[05:26:26] → GET /api/data/status
[05:26:26] ← GET /api/data/status [304] 1ms
[05:26:27] → GET /api/data/status
[05:26:27] ← GET /api/data/status [304] 1ms
[05:26:28] → GET /api/data/status
[05:26:28] ← GET /api/data/status [304] 1ms
[05:26:29] → GET /api/data/status
[05:26:29] ← GET /api/data/status [304] 1ms
[05:26:30] → GET /api/data/status
[05:26:30] ← GET /api/data/status [304] 0ms
[05:26:31] → GET /api/data/status
[05:26:31] ← GET /api/data/status [304] 0ms
[05:26:32] → GET /api/data/status
[05:26:32] ← GET /api/data/status [304] 1ms
[05:26:33] → GET /api/data/status
[05:26:33] ← GET /api/data/status [304] 0ms
[05:26:34] → GET /api/data/status
[05:26:34] ← GET /api/data/status [304] 0ms
[05:26:35] → GET /api/data/status
[05:26:35] ← GET /api/data/status [304] 0ms
[05:26:36] ← GET /api/data/status [304] 0ms
[05:26:36] → GET /api/data/status
[05:26:37] → GET /api/data/status
[05:26:37] ← GET /api/data/status [304] 1ms
[05:26:38] → GET /api/data/status
[05:26:38] ← GET /api/data/status [304] 0ms
[05:26:39] → GET /api/data/status
[05:26:39] ← GET /api/data/status [304] 0ms
[05:26:40] → GET /api/data/status
[05:26:40] ← GET /api/data/status [304] 0ms
[05:26:41] → GET /api/data/status
[05:26:41] ← GET /api/data/status [304] 0ms
[05:26:42] → GET /api/data/status
[05:26:42] ← GET /api/data/status [304] 0ms
[05:26:43] → GET /api/data/status
[05:26:43] ← GET /api/data/status [304] 0ms
[05:26:44] → GET /api/data/status
[05:26:44] ← GET /api/data/status [304] 1ms
[05:26:45] → GET /api/data/status
[05:26:45] ← GET /api/data/status [304] 1ms
[05:26:46] → GET /api/data/status
[05:26:46] ← GET /api/data/status [304] 1ms
[05:26:47] → GET /api/data/status
[05:26:47] ← GET /api/data/status [304] 1ms
[05:26:48] → GET /api/data/status
[05:26:48] ← GET /api/data/status [304] 1ms
[05:26:49] → GET /api/data/status
[05:26:49] ← GET /api/data/status [304] 1ms
[05:26:50] → GET /api/data/status
[05:26:50] ← GET /api/data/status [304] 0ms
[05:26:51] → GET /api/data/status
[05:26:51] ← GET /api/data/status [304] 0ms
[05:26:52] → GET /api/data/status
[05:26:52] ← GET /api/data/status [304] 0ms
[05:26:53] → GET /api/data/status
[05:26:53] ← GET /api/data/status [304] 0ms
[05:26:54] → GET /api/data/status
[05:26:54] ← GET /api/data/status [304] 1ms
[05:26:55] → GET /api/data/status
[05:26:55] ← GET /api/data/status [304] 1ms
[05:26:56] → GET /api/data/status
[05:26:56] ← GET /api/data/status [304] 0ms
[05:26:57] ← GET /api/data/status [304] 1ms
[05:26:57] → GET /api/data/status
[05:26:58] → GET /api/data/status
[05:26:58] ← GET /api/data/status [304] 1ms
[05:26:59] → GET /api/data/status
[05:26:59] ← GET /api/data/status [304] 1ms
[05:27:00] → GET /api/data/status
[05:27:00] ← GET /api/data/status [304] 0ms
[05:27:01] ← GET /api/data/status [304] 0ms
[05:27:01] → GET /api/data/status
[05:27:02] → GET /api/data/status
[05:27:02] ← GET /api/data/status [304] 0ms
[05:27:03] → GET /api/data/status
[05:27:03] ← GET /api/data/status [304] 0ms
[05:27:04] → GET /api/data/status
[05:27:04] ← GET /api/data/status [304] 0ms
[05:27:05] → GET /api/data/status
[05:27:05] ← GET /api/data/status [304] 1ms
[05:27:06] → GET /api/data/status
[05:27:06] ← GET /api/data/status [304] 1ms
[05:27:07] → GET /api/data/status
[05:27:07] ← GET /api/data/status [304] 1ms
[05:27:08] → GET /api/data/status
[05:27:08] ← GET /api/data/status [304] 1ms
[05:27:09] → GET /api/data/status
[05:27:09] ← GET /api/data/status [304] 1ms
[05:27:10] → GET /api/data/status
[05:27:10] ← GET /api/data/status [304] 0ms
[05:27:11] → GET /api/data/status
[05:27:11] ← GET /api/data/status [304] 0ms
[05:27:12] → GET /api/data/status
[05:27:12] ← GET /api/data/status [304] 0ms
[05:27:13] ← GET /api/data/status [304] 1ms
[05:27:13] → GET /api/data/status
[05:27:14] → GET /api/data/status
[05:27:14] ← GET /api/data/status [304] 0ms
[05:27:15] → GET /api/data/status
[05:27:15] ← GET /api/data/status [304] 0ms
[05:27:16] → GET /api/data/status
[05:27:16] ← GET /api/data/status [304] 1ms
[05:27:17] → GET /api/data/status
[05:27:17] ← GET /api/data/status [304] 1ms
[05:27:18] → GET /api/data/status
[05:27:18] ← GET /api/data/status [304] 0ms
[05:27:19] → GET /api/data/status
[05:27:19] ← GET /api/data/status [304] 0ms
[05:27:20] → GET /api/data/status
[05:27:20] ← GET /api/data/status [304] 0ms
[05:27:21] → GET /api/data/status
[05:27:21] ← GET /api/data/status [304] 0ms
[05:27:22] → GET /api/data/status
[05:27:22] ← GET /api/data/status [304] 1ms
[05:27:23] → GET /api/data/status
[05:27:23] ← GET /api/data/status [304] 0ms
[05:27:24] ← GET /api/data/status [304] 1ms
[05:27:24] → GET /api/data/status
[05:27:25] → GET /api/data/status
[05:27:25] ← GET /api/data/status [304] 1ms
[05:27:26] → GET /api/data/status
[05:27:26] ← GET /api/data/status [304] 1ms
[05:27:27] → GET /api/data/status
[05:27:27] ← GET /api/data/status [304] 1ms
[05:27:28] → GET /api/data/status
[05:27:28] ← GET /api/data/status [304] 0ms
[05:27:29] → GET /api/data/status
[05:27:29] ← GET /api/data/status [304] 0ms
[05:27:30] → GET /api/data/status
[05:27:30] ← GET /api/data/status [304] 0ms
[05:27:31] → GET /api/data/status
[05:27:31] ← GET /api/data/status [304] 0ms
[05:27:32] ← GET /api/data/status [304] 0ms
[05:27:32] → GET /api/data/status
[05:27:33] → GET /api/data/status
[05:27:33] ← GET /api/data/status [304] 1ms
[05:27:34] → GET /api/data/status
[05:27:34] ← GET /api/data/status [304] 1ms
[05:27:35] → GET /api/data/status
[05:27:35] ← GET /api/data/status [304] 1ms
[05:27:36] → GET /api/data/status
[05:27:36] ← GET /api/data/status [304] 1ms
[05:27:37] → GET /api/data/status
[05:27:37] ← GET /api/data/status [304] 0ms
[05:27:38] → GET /api/data/status
[05:27:38] ← GET /api/data/status [304] 0ms
[05:27:39] → GET /api/data/status
[05:27:39] ← GET /api/data/status [304] 0ms
[05:27:40] → GET /api/data/status
[05:27:40] ← GET /api/data/status [304] 0ms
[05:27:41] → GET /api/data/status
[05:27:41] ← GET /api/data/status [304] 0ms
[05:27:42] → GET /api/data/status
[05:27:42] ← GET /api/data/status [304] 0ms
[05:27:43] → GET /api/data/status
[05:27:43] ← GET /api/data/status [304] 1ms
[05:27:44] → GET /api/data/status
[05:27:44] ← GET /api/data/status [304] 1ms
[05:27:45] → GET /api/data/status
[05:27:45] ← GET /api/data/status [304] 1ms
[05:27:46] → GET /api/data/status
[05:27:46] ← GET /api/data/status [304] 0ms
[05:27:47] → GET /api/data/status
[05:27:47] ← GET /api/data/status [304] 0ms
[05:27:48] → GET /api/data/status
[05:27:48] ← GET /api/data/status [304] 0ms
[05:27:49] → GET /api/data/status
[05:27:49] ← GET /api/data/status [304] 0ms
[05:27:50] → GET /api/data/status
[05:27:50] ← GET /api/data/status [304] 0ms
[05:27:51] → GET /api/data/status
[05:27:51] ← GET /api/data/status [304] 0ms
[05:27:52] → GET /api/data/status
[05:27:52] ← GET /api/data/status [304] 0ms
[05:27:53] → GET /api/data/status
[05:27:53] ← GET /api/data/status [304] 1ms
[05:27:54] → GET /api/data/status
[05:27:54] ← GET /api/data/status [304] 1ms
[05:27:55] → GET /api/data/status
[05:27:55] ← GET /api/data/status [304] 1ms
[05:27:56] → GET /api/data/status
[05:27:56] ← GET /api/data/status [304] 1ms
[05:27:57] → GET /api/data/status
[05:27:57] ← GET /api/data/status [304] 1ms
[05:27:58] → GET /api/data/status
[05:27:58] ← GET /api/data/status [304] 1ms
[05:27:59] → GET /api/data/status
[05:27:59] ← GET /api/data/status [304] 1ms
[05:28:00] → GET /api/data/status
[05:28:00] ← GET /api/data/status [304] 0ms
[05:28:01] → GET /api/data/status
[05:28:01] ← GET /api/data/status [304] 0ms
[05:28:02] → GET /api/data/status
[05:28:02] ← GET /api/data/status [304] 0ms
[05:28:03] → GET /api/data/status
[05:28:03] ← GET /api/data/status [304] 1ms
[05:28:04] → GET /api/data/status
[05:28:04] ← GET /api/data/status [304] 1ms
[05:28:05] → GET /api/data/status
[05:28:05] ← GET /api/data/status [304] 1ms
[05:28:06] → GET /api/data/status
[05:28:06] ← GET /api/data/status [304] 1ms
[05:28:07] → GET /api/data/status
[05:28:07] ← GET /api/data/status [304] 0ms
[05:28:08] → GET /api/data/status
[05:28:08] ← GET /api/data/status [304] 0ms
[05:28:09] → GET /api/data/status
[05:28:09] ← GET /api/data/status [304] 0ms
[05:28:10] → GET /api/data/status
[05:28:10] ← GET /api/data/status [304] 0ms
[05:28:11] → GET /api/data/status
[05:28:11] ← GET /api/data/status [304] 1ms
[05:28:12] → GET /api/data/status
[05:28:12] ← GET /api/data/status [304] 1ms
[05:28:13] → GET /api/data/status
[05:28:13] ← GET /api/data/status [304] 1ms
[05:28:14] → GET /api/data/status
[05:28:14] ← GET /api/data/status [304] 1ms
[05:28:15] → GET /api/data/status
[05:28:15] ← GET /api/data/status [304] 1ms
[05:28:16] → GET /api/data/status
[05:28:16] ← GET /api/data/status [304] 1ms
[05:28:17] → GET /api/data/status
[05:28:17] ← GET /api/data/status [304] 0ms
[05:28:18] → GET /api/data/status
[05:28:18] ← GET /api/data/status [304] 0ms
[05:28:19] → GET /api/data/status
[05:28:19] ← GET /api/data/status [304] 0ms
[05:28:20] → GET /api/data/status
[05:28:20] ← GET /api/data/status [304] 0ms
[05:28:21] → GET /api/data/status
[05:28:21] ← GET /api/data/status [304] 1ms
[05:28:22] → GET /api/data/status
[05:28:22] ← GET /api/data/status [304] 1ms
[05:28:23] → GET /api/data/status
[05:28:23] ← GET /api/data/status [304] 0ms
[05:28:24] → GET /api/data/status
[05:28:24] ← GET /api/data/status [304] 1ms
[05:28:25] → GET /api/data/status
[05:28:25] ← GET /api/data/status [304] 1ms
[05:28:26] → GET /api/data/status
[05:28:26] ← GET /api/data/status [304] 1ms
[05:28:27] → GET /api/data/status
[05:28:27] ← GET /api/data/status [304] 0ms
[05:28:28] → GET /api/data/status
[05:28:28] ← GET /api/data/status [304] 0ms
[05:28:29] → GET /api/data/status
[05:28:29] ← GET /api/data/status [304] 0ms
[05:28:30] → GET /api/data/status
[05:28:30] ← GET /api/data/status [304] 0ms
[05:28:31] → GET /api/data/status
[05:28:31] ← GET /api/data/status [304] 0ms
[05:28:32] → GET /api/data/status
[05:28:32] ← GET /api/data/status [304] 0ms
[05:28:33] → GET /api/data/status
[05:28:33] ← GET /api/data/status [304] 1ms
[05:28:34] → GET /api/data/status
[05:28:34] ← GET /api/data/status [304] 1ms
[05:28:35] → GET /api/data/status
[05:28:35] ← GET /api/data/status [304] 1ms
[05:28:36] → GET /api/data/status
[05:28:36] ← GET /api/data/status [304] 1ms
[05:28:37] → GET /api/data/status
[05:28:37] ← GET /api/data/status [304] 1ms
[05:28:38] → GET /api/data/status
[05:28:38] ← GET /api/data/status [304] 0ms
[05:28:39] → GET /api/data/status
[05:28:39] ← GET /api/data/status [304] 1ms
[05:28:40] → GET /api/data/status
[05:28:40] ← GET /api/data/status [304] 1ms
[05:28:41] → GET /api/data/status
[05:28:41] ← GET /api/data/status [304] 1ms
[05:28:42] → GET /api/data/status
[05:28:42] ← GET /api/data/status [304] 1ms
[05:28:43] → GET /api/data/status
[05:28:43] ← GET /api/data/status [304] 1ms
[05:28:44] → GET /api/data/status
[05:28:44] ← GET /api/data/status [304] 0ms
[05:28:45] → GET /api/data/status
[05:28:45] ← GET /api/data/status [304] 92ms
[05:28:46] → GET /api/data/status
[05:28:46] ← GET /api/data/status [304] 0ms
[05:28:47] → GET /api/data/status
[05:28:47] ← GET /api/data/status [304] 0ms
[05:28:48] → GET /api/data/status
[05:28:48] ← GET /api/data/status [304] 1ms
[05:28:49] → GET /api/data/status
[05:28:49] ← GET /api/data/status [304] 1ms
[05:28:50] → GET /api/data/status
[05:28:50] ← GET /api/data/status [304] 1ms
[05:28:51] → GET /api/data/status
[05:28:51] ← GET /api/data/status [304] 1ms
[05:28:52] → GET /api/data/status
[05:28:52] ← GET /api/data/status [304] 1ms
[05:28:53] → GET /api/data/status
[05:28:53] ← GET /api/data/status [304] 1ms
[05:28:54] → GET /api/data/status
[05:28:54] ← GET /api/data/status [304] 1ms
[05:28:55] → GET /api/data/status
[05:28:55] ← GET /api/data/status [304] 1ms
[05:28:56] → GET /api/data/status
[05:28:56] ← GET /api/data/status [304] 1ms
[05:28:57] → GET /api/data/status
[05:28:57] ← GET /api/data/status [304] 0ms
[05:28:58] → GET /api/data/status
[05:28:58] ← GET /api/data/status [304] 0ms
[05:28:59] → GET /api/data/status
[05:28:59] ← GET /api/data/status [304] 0ms
[05:29:00] → GET /api/data/status
[05:29:00] ← GET /api/data/status [304] 1ms
[05:29:01] → GET /api/data/status
[05:29:01] ← GET /api/data/status [304] 1ms
[05:29:02] → GET /api/data/status
[05:29:02] ← GET /api/data/status [304] 1ms
[05:29:03] → GET /api/data/status
[05:29:03] ← GET /api/data/status [304] 0ms
[05:29:04] → GET /api/data/status
[05:29:04] ← GET /api/data/status [304] 1ms
[05:29:05] → GET /api/data/status
[05:29:05] ← GET /api/data/status [304] 0ms
[05:29:06] → GET /api/data/status
[05:29:06] ← GET /api/data/status [304] 1ms
[05:29:07] → GET /api/data/status
[05:29:07] ← GET /api/data/status [304] 0ms
[05:29:08] → GET /api/data/status
[05:29:08] ← GET /api/data/status [304] 0ms
[05:29:09] → GET /api/data/status
[05:29:09] ← GET /api/data/status [304] 0ms
[05:29:10] → GET /api/data/status
[05:29:10] ← GET /api/data/status [304] 0ms
[05:29:11] → GET /api/data/status
[05:29:11] ← GET /api/data/status [304] 1ms
[05:29:12] → GET /api/data/status
[05:29:12] ← GET /api/data/status [304] 1ms
[05:29:13] → GET /api/data/status
[05:29:13] ← GET /api/data/status [304] 1ms
[05:29:14] → GET /api/data/status
[05:29:14] ← GET /api/data/status [304] 1ms
[05:29:15] → GET /api/data/status
[05:29:15] ← GET /api/data/status [304] 1ms
[05:29:16] → GET /api/data/status
[05:29:16] ← GET /api/data/status [304] 0ms
[05:29:17] → GET /api/data/status
[05:29:17] ← GET /api/data/status [304] 0ms
[05:29:18] → GET /api/data/status
[05:29:18] ← GET /api/data/status [304] 0ms
[05:29:19] → GET /api/data/status
[05:29:19] ← GET /api/data/status [304] 0ms
[05:29:20] → GET /api/data/status
[05:29:20] ← GET /api/data/status [304] 0ms
[05:29:21] → GET /api/data/status
[05:29:21] ← GET /api/data/status [304] 1ms
[05:29:22] → GET /api/data/status
[05:29:22] ← GET /api/data/status [304] 1ms
[05:29:23] → GET /api/data/status
[05:29:23] ← GET /api/data/status [304] 1ms
[05:29:24] → GET /api/data/status
[05:29:24] ← GET /api/data/status [304] 1ms
[05:29:25] → GET /api/data/status
[05:29:25] ← GET /api/data/status [304] 1ms
[05:29:26] → GET /api/data/status
[05:29:26] ← GET /api/data/status [304] 0ms
[05:29:27] → GET /api/data/status
[05:29:27] ← GET /api/data/status [304] 0ms
[05:29:28] ← GET /api/data/status [304] 0ms
[05:29:28] → GET /api/data/status
[05:29:29] → GET /api/data/status
[05:29:29] ← GET /api/data/status [304] 0ms
[05:29:30] ← GET /api/data/status [304] 1ms
[05:29:30] → GET /api/data/status
[05:29:31] → GET /api/data/status
[05:29:31] ← GET /api/data/status [304] 1ms
[05:29:32] → GET /api/data/status
[05:29:32] ← GET /api/data/status [304] 1ms
[05:29:33] → GET /api/data/status
[05:29:33] ← GET /api/data/status [304] 0ms
[05:29:34] → GET /api/data/status
[05:29:34] ← GET /api/data/status [304] 1ms
[05:29:35] → GET /api/data/status
[05:29:35] ← GET /api/data/status [304] 0ms
[05:29:36] → GET /api/data/status
[05:29:36] ← GET /api/data/status [304] 0ms
[05:29:37] → GET /api/data/status
[05:29:37] ← GET /api/data/status [304] 0ms
[05:29:38] → GET /api/data/status
[05:29:38] ← GET /api/data/status [304] 0ms
[05:29:39] → GET /api/data/status
[05:29:39] ← GET /api/data/status [304] 0ms
[05:29:40] → GET /api/data/status
[05:29:40] ← GET /api/data/status [304] 1ms
[05:29:41] → GET /api/data/status
[05:29:41] ← GET /api/data/status [304] 1ms
[05:29:42] → GET /api/data/status
[05:29:42] ← GET /api/data/status [304] 1ms
[05:29:43] → GET /api/data/status
[05:29:43] ← GET /api/data/status [304] 1ms
[05:29:44] → GET /api/data/status
[05:29:44] ← GET /api/data/status [304] 1ms
[05:29:45] → GET /api/data/status
[05:29:45] ← GET /api/data/status [304] 0ms
[05:29:46] → GET /api/data/status
[05:29:46] ← GET /api/data/status [304] 1ms
[05:29:47] → GET /api/data/status
[05:29:47] ← GET /api/data/status [304] 0ms
[05:29:48] → GET /api/data/status
[05:29:48] ← GET /api/data/status [304] 0ms
[05:29:49] → GET /api/data/status
[05:29:49] ← GET /api/data/status [304] 0ms
[05:29:50] → GET /api/data/status
[05:29:50] ← GET /api/data/status [304] 1ms
[05:29:51] → GET /api/data/status
[05:29:51] ← GET /api/data/status [304] 0ms
[05:29:52] → GET /api/data/status
[05:29:52] ← GET /api/data/status [304] 1ms
[05:29:53] → GET /api/data/status
[05:29:53] ← GET /api/data/status [304] 1ms
[05:29:54] → GET /api/data/status
[05:29:54] ← GET /api/data/status [304] 1ms
[05:29:55] → GET /api/data/status
[05:29:55] ← GET /api/data/status [304] 1ms
[05:29:56] → GET /api/data/status
[05:29:56] ← GET /api/data/status [304] 1ms
[05:29:57] → GET /api/data/status
[05:29:57] ← GET /api/data/status [304] 0ms
[05:29:58] → GET /api/data/status
[05:29:58] ← GET /api/data/status [304] 0ms
[05:29:59] → GET /api/data/status
[05:29:59] ← GET /api/data/status [304] 0ms
[05:30:00] → GET /api/data/status
[05:30:00] ← GET /api/data/status [304] 1ms
[05:30:01] → GET /api/data/status
[05:30:01] ← GET /api/data/status [304] 1ms
[05:30:02] → GET /api/data/status
[05:30:02] ← GET /api/data/status [304] 1ms
[05:30:03] → GET /api/data/status
[05:30:03] ← GET /api/data/status [304] 1ms
[05:30:04] → GET /api/data/status
[05:30:04] ← GET /api/data/status [304] 1ms
[05:30:05] → GET /api/data/status
[05:30:05] ← GET /api/data/status [304] 1ms
[05:30:06] → GET /api/data/status
[05:30:06] ← GET /api/data/status [304] 1ms
[05:30:07] → GET /api/data/status
[05:30:07] ← GET /api/data/status [304] 1ms
[05:30:08] → GET /api/data/status
[05:30:08] ← GET /api/data/status [304] 0ms
[05:30:09] → GET /api/data/status
[05:30:09] ← GET /api/data/status [304] 0ms
[05:30:10] → GET /api/data/status
[05:30:10] ← GET /api/data/status [304] 0ms
[05:30:11] → GET /api/data/status
[05:30:11] ← GET /api/data/status [304] 1ms
[05:30:12] → GET /api/data/status
[05:30:12] ← GET /api/data/status [304] 1ms
[05:30:13] → GET /api/data/status
[05:30:13] ← GET /api/data/status [304] 1ms
[05:30:14] → GET /api/data/status
[05:30:14] ← GET /api/data/status [304] 1ms
[05:30:15] → GET /api/data/status
[05:30:15] ← GET /api/data/status [304] 1ms
[05:30:16] → GET /api/data/status
[05:30:16] ← GET /api/data/status [304] 1ms
[05:30:17] → GET /api/data/status
[05:30:17] ← GET /api/data/status [304] 0ms
[05:30:18] → GET /api/data/status
[05:30:18] ← GET /api/data/status [304] 0ms
[05:30:19] → GET /api/data/status
[05:30:19] ← GET /api/data/status [304] 1ms
[05:30:20] → GET /api/data/status
[05:30:20] ← GET /api/data/status [304] 0ms
[05:30:21] → GET /api/data/status
[05:30:21] ← GET /api/data/status [304] 1ms
[05:30:22] → GET /api/data/status
[05:30:22] ← GET /api/data/status [304] 1ms
[05:30:23] → GET /api/data/status
[05:30:23] ← GET /api/data/status [304] 1ms
[05:30:24] → GET /api/data/status
[05:30:24] ← GET /api/data/status [304] 1ms
[05:30:25] → GET /api/data/status
[05:30:25] ← GET /api/data/status [304] 1ms
[05:30:26] → GET /api/data/status
[05:30:26] ← GET /api/data/status [304] 0ms
[05:30:27] → GET /api/data/status
[05:30:27] ← GET /api/data/status [304] 0ms
[05:30:28] → GET /api/data/status
[05:30:28] ← GET /api/data/status [304] 0ms
[05:30:29] → GET /api/data/status
[05:30:29] ← GET /api/data/status [304] 0ms
[05:30:30] → GET /api/data/status
[05:30:30] ← GET /api/data/status [304] 0ms
[05:30:31] → GET /api/data/status
[05:30:31] ← GET /api/data/status [304] 1ms
[05:30:32] → GET /api/data/status
[05:30:32] ← GET /api/data/status [304] 1ms
[05:30:33] → GET /api/data/status
[05:30:33] ← GET /api/data/status [304] 0ms
[05:30:34] → GET /api/data/status
[05:30:34] ← GET /api/data/status [304] 0ms
[05:30:35] → GET /api/data/status
[05:30:35] ← GET /api/data/status [304] 0ms
[05:30:36] → GET /api/data/status
[05:30:36] ← GET /api/data/status [304] 1ms
[05:30:37] → GET /api/data/status
[05:30:37] ← GET /api/data/status [304] 0ms
[05:30:38] → GET /api/data/status
[05:30:38] ← GET /api/data/status [304] 1ms
[05:30:39] → GET /api/data/status
[05:30:39] ← GET /api/data/status [304] 1ms
[05:30:40] → GET /api/data/status
[05:30:40] ← GET /api/data/status [304] 1ms
[05:30:41] → GET /api/data/status
[05:30:41] ← GET /api/data/status [304] 0ms
[05:30:42] → GET /api/data/status
[05:30:42] ← GET /api/data/status [304] 1ms
[05:30:43] → GET /api/data/status
[05:30:43] ← GET /api/data/status [304] 1ms
[05:30:44] → GET /api/data/status
[05:30:44] ← GET /api/data/status [304] 0ms
[05:30:45] → GET /api/data/status
[05:30:45] ← GET /api/data/status [304] 1ms
[05:30:46] → GET /api/data/status
[05:30:46] ← GET /api/data/status [304] 0ms
[05:30:47] → GET /api/data/status
[05:30:47] ← GET /api/data/status [304] 0ms
[05:30:48] → GET /api/data/status
[05:30:48] ← GET /api/data/status [304] 1ms
[05:30:49] → GET /api/data/status
[05:30:49] ← GET /api/data/status [304] 1ms
[05:30:50] → GET /api/data/status
[05:30:50] ← GET /api/data/status [304] 0ms
[05:30:51] → GET /api/data/status
[05:30:51] ← GET /api/data/status [304] 1ms
[05:30:52] → GET /api/data/status
[05:30:52] ← GET /api/data/status [304] 1ms
[05:30:53] → GET /api/data/status
[05:30:53] ← GET /api/data/status [304] 1ms
[05:30:54] → GET /api/data/status
[05:30:54] ← GET /api/data/status [304] 1ms
[05:30:55] → GET /api/data/status
[05:30:55] ← GET /api/data/status [304] 1ms
[05:30:56] → GET /api/data/status
[05:30:56] ← GET /api/data/status [304] 0ms
[05:30:57] → GET /api/data/status
[05:30:57] ← GET /api/data/status [304] 0ms
[05:30:58] → GET /api/data/status
[05:30:58] ← GET /api/data/status [304] 0ms
[05:30:59] → GET /api/data/status
[05:30:59] ← GET /api/data/status [304] 1ms
[05:31:00] → GET /api/data/status
[05:31:00] ← GET /api/data/status [304] 1ms
[05:31:01] → GET /api/data/status
[05:31:01] ← GET /api/data/status [304] 1ms
[05:31:02] → GET /api/data/status
[05:31:02] ← GET /api/data/status [304] 1ms
[05:31:03] → GET /api/data/status
[05:31:03] ← GET /api/data/status [304] 1ms
[05:31:04] → GET /api/data/status
[05:31:04] ← GET /api/data/status [304] 1ms
[05:31:05] → GET /api/data/status
[05:31:05] ← GET /api/data/status [304] 0ms
